2013/04/14 13:02:43 [info] [application] $_SERVER=array (
  'TERM_PROGRAM' => 'Apple_Terminal',
  'SHELL' => '/bin/bash',
  'TERM' => 'xterm-256color',
  'TMPDIR' => '/var/folders/15/syt09nvs13zfhnvw6g1fr_f40000gn/T/',
  'Apple_PubSub_Socket_Render' => '/tmp/launch-uKSywX/Render',
  'TERM_PROGRAM_VERSION' => '309',
  'TERM_SESSION_ID' => '9683CEAF-477D-43FE-B8E9-356F411EA777',
  'USER' => 'josh',
  'COMMAND_MODE' => 'unix2003',
  'SSH_AUTH_SOCK' => '/tmp/launch-0vBdUL/Listeners',
  'Apple_Ubiquity_Message' => '/tmp/launch-uiMgH6/Apple_Ubiquity_Message',
  '__CF_USER_TEXT_ENCODING' => '0x1F5:0:0',
  'PATH' => '/usr/bin:/bin:/usr/sbin:/sbin:/usr/local/bin:/opt/X11/bin:/usr/local/git/bin',
  '_' => '/usr/bin/php',
  'PWD' => '/Users/josh/Curtin-WebInterface',
  'LANG' => 'en_AU.UTF-8',
  'HOME' => '/Users/josh',
  'SHLVL' => '2',
  'LOGNAME' => 'josh',
  'DISPLAY' => '/tmp/launch-Y8sl3G/org.macosforge.xquartz:0',
  'PHP_SELF' => '/Users/josh/Curtin-WebInterface/common/lib/../../yiic',
  'SCRIPT_NAME' => '/Users/josh/Curtin-WebInterface/common/lib/../../yiic',
  'SCRIPT_FILENAME' => '/Users/josh/Curtin-WebInterface/common/lib/../../yiic',
  'PATH_TRANSLATED' => '/Users/josh/Curtin-WebInterface/common/lib/../../yiic',
  'DOCUMENT_ROOT' => '',
  'REQUEST_TIME' => 1365944563,
  'argv' => 
  array (
    0 => '/Users/josh/Curtin-WebInterface/common/lib/../../yiic',
    1 => 'migrate',
    2 => '--interactive=0',
  ),
  'argc' => 3,
)
2013/04/14 13:02:43 [error] [exception.CDbException] exception 'CDbException' with message 'CDbConnection.connectionString cannot be empty.' in /Users/josh/Curtin-WebInterface/common/lib/Yii/db/CDbConnection.php:370
Stack trace:
#0 /Users/josh/Curtin-WebInterface/common/lib/Yii/db/CDbConnection.php(331): CDbConnection->open()
#1 /Users/josh/Curtin-WebInterface/common/lib/Yii/db/CDbConnection.php(309): CDbConnection->setActive(true)
#2 /Users/josh/Curtin-WebInterface/common/lib/Yii/base/CModule.php(388): CDbConnection->init()
#3 /Users/josh/Curtin-WebInterface/common/lib/Yii/cli/commands/MigrateCommand.php(443): CModule->getComponent('db')
#4 /Users/josh/Curtin-WebInterface/common/lib/Yii/cli/commands/MigrateCommand.php(452): MigrateCommand->getDbConnection()
#5 /Users/josh/Curtin-WebInterface/common/lib/Yii/cli/commands/MigrateCommand.php(483): MigrateCommand->getMigrationHistory(-1)
#6 /Users/josh/Curtin-WebInterface/common/lib/Yii/cli/commands/MigrateCommand.php(85): MigrateCommand->getNewMigrations()
#7 [internal function]: MigrateCommand->actionUp(Array)
#8 /Users/josh/Curtin-WebInterface/common/lib/Yii/console/CConsoleCommand.php(173): ReflectionMethod->invokeArgs(Object(MigrateCommand), Array)
#9 /Users/josh/Curtin-WebInterface/common/lib/Yii/console/CConsoleCommandRunner.php(68): CConsoleCommand->run(Array)
#10 /Users/josh/Curtin-WebInterface/common/lib/Yii/console/CConsoleApplication.php(92): CConsoleCommandRunner->run(Array)
#11 /Users/josh/Curtin-WebInterface/common/lib/Yii/base/CApplication.php(162): CConsoleApplication->processRequest()
#12 /Users/josh/Curtin-WebInterface/common/lib/Yii/yiic.php(34): CApplication->run()
#13 /Users/josh/Curtin-WebInterface/console/yiic.php(15): require_once('/Users/josh/Cur...')
#14 /Users/josh/Curtin-WebInterface/yiic(3): require_once('/Users/josh/Cur...')
#15 {main}
---
2013/04/14 13:05:58 [info] [application] $_SERVER=array (
  'TERM_PROGRAM' => 'Apple_Terminal',
  'SHELL' => '/bin/bash',
  'TERM' => 'xterm-256color',
  'TMPDIR' => '/var/folders/15/syt09nvs13zfhnvw6g1fr_f40000gn/T/',
  'Apple_PubSub_Socket_Render' => '/tmp/launch-uKSywX/Render',
  'TERM_PROGRAM_VERSION' => '309',
  'TERM_SESSION_ID' => '9683CEAF-477D-43FE-B8E9-356F411EA777',
  'USER' => 'josh',
  'COMMAND_MODE' => 'unix2003',
  'SSH_AUTH_SOCK' => '/tmp/launch-0vBdUL/Listeners',
  'Apple_Ubiquity_Message' => '/tmp/launch-uiMgH6/Apple_Ubiquity_Message',
  '__CF_USER_TEXT_ENCODING' => '0x1F5:0:0',
  'PATH' => '/usr/bin:/bin:/usr/sbin:/sbin:/usr/local/bin:/opt/X11/bin:/usr/local/git/bin',
  '_' => '/usr/bin/php',
  'PWD' => '/Users/josh/Curtin-WebInterface',
  'LANG' => 'en_AU.UTF-8',
  'HOME' => '/Users/josh',
  'SHLVL' => '2',
  'LOGNAME' => 'josh',
  'DISPLAY' => '/tmp/launch-Y8sl3G/org.macosforge.xquartz:0',
  'PHP_SELF' => '/Users/josh/Curtin-WebInterface/common/lib/../../yiic',
  'SCRIPT_NAME' => '/Users/josh/Curtin-WebInterface/common/lib/../../yiic',
  'SCRIPT_FILENAME' => '/Users/josh/Curtin-WebInterface/common/lib/../../yiic',
  'PATH_TRANSLATED' => '/Users/josh/Curtin-WebInterface/common/lib/../../yiic',
  'DOCUMENT_ROOT' => '',
  'REQUEST_TIME' => 1365944758,
  'argv' => 
  array (
    0 => '/Users/josh/Curtin-WebInterface/common/lib/../../yiic',
    1 => 'migrate',
    2 => '--interactive=0',
  ),
  'argc' => 3,
)
2013/04/14 13:05:58 [error] [system.db.CDbCommand] CDbCommand::execute() failed: SQLSTATE[42S02]: Base table or view not found: 1146 Table 'User.cache' doesn't exist. The SQL statement executed was: DELETE FROM cache WHERE expire>0 AND expire<1365944758.
2013/04/14 13:05:58 [error] [system.db.CDbCommand] CDbCommand::fetchAll() failed: SQLSTATE[42S02]: Base table or view not found: 1146 Table 'User.tbl_migration' doesn't exist. The SQL statement executed was: SHOW COLUMNS FROM `tbl_migration`.
2013/04/16 05:23:51 [info] [application] $_SERVER=array (
  'LESSOPEN' => '| /usr/bin/lesspipe %s',
  'MAIL' => '/var/mail/web-admin',
  'USER' => 'web-admin',
  'LANGUAGE' => 'en_AU:en',
  'SHLVL' => '1',
  'HOME' => '/home/web-admin',
  'OLDPWD' => '/var/www/site/common',
  'HUSHLOGIN' => 'FALSE',
  'LOGNAME' => 'web-admin',
  '_' => './runpostdeploy',
  'TERM' => 'linux',
  'PATH' => '/usr/local/sbin:/usr/local/bin:/usr/sbin:/usr/bin:/sbin:/bin:/usr/games',
  'LANG' => 'en_AU.UTF-8',
  'LS_COLORS' => 'rs=0:di=01;34:ln=01;36:mh=00:pi=40;33:so=01;35:do=01;35:bd=40;33;01:cd=40;33;01:or=40;31;01:su=37;41:sg=30;43:ca=30;41:tw=30;42:ow=34;42:st=37;44:ex=01;32:*.tar=01;31:*.tgz=01;31:*.arj=01;31:*.taz=01;31:*.lzh=01;31:*.lzma=01;31:*.tlz=01;31:*.txz=01;31:*.zip=01;31:*.z=01;31:*.Z=01;31:*.dz=01;31:*.gz=01;31:*.lz=01;31:*.xz=01;31:*.bz2=01;31:*.bz=01;31:*.tbz=01;31:*.tbz2=01;31:*.tz=01;31:*.deb=01;31:*.rpm=01;31:*.jar=01;31:*.war=01;31:*.ear=01;31:*.sar=01;31:*.rar=01;31:*.ace=01;31:*.zoo=01;31:*.cpio=01;31:*.7z=01;31:*.rz=01;31:*.jpg=01;35:*.jpeg=01;35:*.gif=01;35:*.bmp=01;35:*.pbm=01;35:*.pgm=01;35:*.ppm=01;35:*.tga=01;35:*.xbm=01;35:*.xpm=01;35:*.tif=01;35:*.tiff=01;35:*.png=01;35:*.svg=01;35:*.svgz=01;35:*.mng=01;35:*.pcx=01;35:*.mov=01;35:*.mpg=01;35:*.mpeg=01;35:*.m2v=01;35:*.mkv=01;35:*.webm=01;35:*.ogm=01;35:*.mp4=01;35:*.m4v=01;35:*.mp4v=01;35:*.vob=01;35:*.qt=01;35:*.nuv=01;35:*.wmv=01;35:*.asf=01;35:*.rm=01;35:*.rmvb=01;35:*.flc=01;35:*.avi=01;35:*.fli=01;35:*.flv=01;35:*.gl=01;35:*.dl=01;35:*.xcf=01;35:*.xwd=01;35:*.yuv=01;35:*.cgm=01;35:*.emf=01;35:*.axv=01;35:*.anx=01;35:*.ogv=01;35:*.ogx=01;35:*.aac=00;36:*.au=00;36:*.flac=00;36:*.mid=00;36:*.midi=00;36:*.mka=00;36:*.mp3=00;36:*.mpc=00;36:*.ogg=00;36:*.ra=00;36:*.wav=00;36:*.axa=00;36:*.oga=00;36:*.spx=00;36:*.xspf=00;36:',
  'SHELL' => '/bin/bash',
  'LESSCLOSE' => '/usr/bin/lesspipe %s %s',
  'PWD' => '/var/www/site',
  'PHP_SELF' => '/var/www/site/common/lib/../../yiic',
  'SCRIPT_NAME' => '/var/www/site/common/lib/../../yiic',
  'SCRIPT_FILENAME' => '/var/www/site/common/lib/../../yiic',
  'PATH_TRANSLATED' => '/var/www/site/common/lib/../../yiic',
  'DOCUMENT_ROOT' => '',
  'REQUEST_TIME' => 1366089831,
  'argv' => 
  array (
    0 => '/var/www/site/common/lib/../../yiic',
    1 => 'migrate',
    2 => '--interactive=0',
  ),
  'argc' => 3,
)
2013/04/16 05:23:51 [error] [exception.CDbException] SQLSTATE[28000] [1045] Access denied for user 'web-admin'@'localhost' (using password: NO)
2013/04/16 05:23:51 [error] [exception.CDbException] exception 'CDbException' with message 'CDbConnection failed to open the DB connection.' in /var/www/site/common/lib/Yii/db/CDbConnection.php:388
Stack trace:
#0 /var/www/site/common/lib/Yii/db/CDbConnection.php(331): CDbConnection->open()
#1 /var/www/site/common/lib/Yii/db/CDbConnection.php(309): CDbConnection->setActive(true)
#2 /var/www/site/common/lib/Yii/base/CModule.php(388): CDbConnection->init()
#3 /var/www/site/common/lib/Yii/cli/commands/MigrateCommand.php(443): CModule->getComponent('db')
#4 /var/www/site/common/lib/Yii/cli/commands/MigrateCommand.php(452): MigrateCommand->getDbConnection()
#5 /var/www/site/common/lib/Yii/cli/commands/MigrateCommand.php(483): MigrateCommand->getMigrationHistory(-1)
#6 /var/www/site/common/lib/Yii/cli/commands/MigrateCommand.php(85): MigrateCommand->getNewMigrations()
#7 [internal function]: MigrateCommand->actionUp(Array)
#8 /var/www/site/common/lib/Yii/console/CConsoleCommand.php(173): ReflectionMethod->invokeArgs(Object(MigrateCommand), Array)
#9 /var/www/site/common/lib/Yii/console/CConsoleCommandRunner.php(68): CConsoleCommand->run(Array)
#10 /var/www/site/common/lib/Yii/console/CConsoleApplication.php(92): CConsoleCommandRunner->run(Array)
#11 /var/www/site/common/lib/Yii/base/CApplication.php(162): CConsoleApplication->processRequest()
#12 /var/www/site/common/lib/Yii/yiic.php(34): CApplication->run()
#13 /var/www/site/console/yiic.php(15): require_once('/var/www/site/c...')
#14 /var/www/site/yiic(3): require_once('/var/www/site/c...')
#15 {main}
---
2013/04/16 05:24:27 [info] [application] $_SERVER=array (
  'LESSOPEN' => '| /usr/bin/lesspipe %s',
  'MAIL' => '/var/mail/web-admin',
  'SSH_CLIENT' => '192.168.42.1 53405 22',
  'USER' => 'web-admin',
  'LANGUAGE' => 'en_AU:en',
  'SHLVL' => '1',
  'HOME' => '/home/web-admin',
  'OLDPWD' => '/var/www',
  'SSH_TTY' => '/dev/pts/0',
  'LOGNAME' => 'web-admin',
  '_' => './runpostdeploy',
  'TERM' => 'xterm-256color',
  'PATH' => '/usr/local/sbin:/usr/local/bin:/usr/sbin:/usr/bin:/sbin:/bin:/usr/games',
  'LANG' => 'en_AU.UTF-8',
  'LS_COLORS' => 'rs=0:di=01;34:ln=01;36:mh=00:pi=40;33:so=01;35:do=01;35:bd=40;33;01:cd=40;33;01:or=40;31;01:su=37;41:sg=30;43:ca=30;41:tw=30;42:ow=34;42:st=37;44:ex=01;32:*.tar=01;31:*.tgz=01;31:*.arj=01;31:*.taz=01;31:*.lzh=01;31:*.lzma=01;31:*.tlz=01;31:*.txz=01;31:*.zip=01;31:*.z=01;31:*.Z=01;31:*.dz=01;31:*.gz=01;31:*.lz=01;31:*.xz=01;31:*.bz2=01;31:*.bz=01;31:*.tbz=01;31:*.tbz2=01;31:*.tz=01;31:*.deb=01;31:*.rpm=01;31:*.jar=01;31:*.war=01;31:*.ear=01;31:*.sar=01;31:*.rar=01;31:*.ace=01;31:*.zoo=01;31:*.cpio=01;31:*.7z=01;31:*.rz=01;31:*.jpg=01;35:*.jpeg=01;35:*.gif=01;35:*.bmp=01;35:*.pbm=01;35:*.pgm=01;35:*.ppm=01;35:*.tga=01;35:*.xbm=01;35:*.xpm=01;35:*.tif=01;35:*.tiff=01;35:*.png=01;35:*.svg=01;35:*.svgz=01;35:*.mng=01;35:*.pcx=01;35:*.mov=01;35:*.mpg=01;35:*.mpeg=01;35:*.m2v=01;35:*.mkv=01;35:*.webm=01;35:*.ogm=01;35:*.mp4=01;35:*.m4v=01;35:*.mp4v=01;35:*.vob=01;35:*.qt=01;35:*.nuv=01;35:*.wmv=01;35:*.asf=01;35:*.rm=01;35:*.rmvb=01;35:*.flc=01;35:*.avi=01;35:*.fli=01;35:*.flv=01;35:*.gl=01;35:*.dl=01;35:*.xcf=01;35:*.xwd=01;35:*.yuv=01;35:*.cgm=01;35:*.emf=01;35:*.axv=01;35:*.anx=01;35:*.ogv=01;35:*.ogx=01;35:*.aac=00;36:*.au=00;36:*.flac=00;36:*.mid=00;36:*.midi=00;36:*.mka=00;36:*.mp3=00;36:*.mpc=00;36:*.ogg=00;36:*.ra=00;36:*.wav=00;36:*.axa=00;36:*.oga=00;36:*.spx=00;36:*.xspf=00;36:',
  'SHELL' => '/bin/bash',
  'LESSCLOSE' => '/usr/bin/lesspipe %s %s',
  'PWD' => '/var/www/site',
  'SSH_CONNECTION' => '192.168.42.1 53405 192.168.42.254 22',
  'PHP_SELF' => '/var/www/site/common/lib/../../yiic',
  'SCRIPT_NAME' => '/var/www/site/common/lib/../../yiic',
  'SCRIPT_FILENAME' => '/var/www/site/common/lib/../../yiic',
  'PATH_TRANSLATED' => '/var/www/site/common/lib/../../yiic',
  'DOCUMENT_ROOT' => '',
  'REQUEST_TIME' => 1366089867,
  'argv' => 
  array (
    0 => '/var/www/site/common/lib/../../yiic',
    1 => 'migrate',
    2 => '--interactive=0',
  ),
  'argc' => 3,
)
2013/04/16 05:24:27 [error] [exception.CDbException] SQLSTATE[28000] [1045] Access denied for user 'web-admin'@'localhost' (using password: NO)
2013/04/16 05:24:27 [error] [exception.CDbException] exception 'CDbException' with message 'CDbConnection failed to open the DB connection.' in /var/www/site/common/lib/Yii/db/CDbConnection.php:388
Stack trace:
#0 /var/www/site/common/lib/Yii/db/CDbConnection.php(331): CDbConnection->open()
#1 /var/www/site/common/lib/Yii/db/CDbConnection.php(309): CDbConnection->setActive(true)
#2 /var/www/site/common/lib/Yii/base/CModule.php(388): CDbConnection->init()
#3 /var/www/site/common/lib/Yii/cli/commands/MigrateCommand.php(443): CModule->getComponent('db')
#4 /var/www/site/common/lib/Yii/cli/commands/MigrateCommand.php(452): MigrateCommand->getDbConnection()
#5 /var/www/site/common/lib/Yii/cli/commands/MigrateCommand.php(483): MigrateCommand->getMigrationHistory(-1)
#6 /var/www/site/common/lib/Yii/cli/commands/MigrateCommand.php(85): MigrateCommand->getNewMigrations()
#7 [internal function]: MigrateCommand->actionUp(Array)
#8 /var/www/site/common/lib/Yii/console/CConsoleCommand.php(173): ReflectionMethod->invokeArgs(Object(MigrateCommand), Array)
#9 /var/www/site/common/lib/Yii/console/CConsoleCommandRunner.php(68): CConsoleCommand->run(Array)
#10 /var/www/site/common/lib/Yii/console/CConsoleApplication.php(92): CConsoleCommandRunner->run(Array)
#11 /var/www/site/common/lib/Yii/base/CApplication.php(162): CConsoleApplication->processRequest()
#12 /var/www/site/common/lib/Yii/yiic.php(34): CApplication->run()
#13 /var/www/site/console/yiic.php(15): require_once('/var/www/site/c...')
#14 /var/www/site/yiic(3): require_once('/var/www/site/c...')
#15 {main}
---
2013/04/16 05:25:54 [info] [application] $_SERVER=array (
  'LESSOPEN' => '| /usr/bin/lesspipe %s',
  'MAIL' => '/var/mail/web-admin',
  'SSH_CLIENT' => '192.168.42.1 53405 22',
  'USER' => 'web-admin',
  'LANGUAGE' => 'en_AU:en',
  'SHLVL' => '1',
  'HOME' => '/home/web-admin',
  'OLDPWD' => '/var/www',
  'SSH_TTY' => '/dev/pts/0',
  'LOGNAME' => 'web-admin',
  '_' => './runpostdeploy',
  'TERM' => 'xterm-256color',
  'PATH' => '/usr/local/sbin:/usr/local/bin:/usr/sbin:/usr/bin:/sbin:/bin:/usr/games',
  'LANG' => 'en_AU.UTF-8',
  'LS_COLORS' => 'rs=0:di=01;34:ln=01;36:mh=00:pi=40;33:so=01;35:do=01;35:bd=40;33;01:cd=40;33;01:or=40;31;01:su=37;41:sg=30;43:ca=30;41:tw=30;42:ow=34;42:st=37;44:ex=01;32:*.tar=01;31:*.tgz=01;31:*.arj=01;31:*.taz=01;31:*.lzh=01;31:*.lzma=01;31:*.tlz=01;31:*.txz=01;31:*.zip=01;31:*.z=01;31:*.Z=01;31:*.dz=01;31:*.gz=01;31:*.lz=01;31:*.xz=01;31:*.bz2=01;31:*.bz=01;31:*.tbz=01;31:*.tbz2=01;31:*.tz=01;31:*.deb=01;31:*.rpm=01;31:*.jar=01;31:*.war=01;31:*.ear=01;31:*.sar=01;31:*.rar=01;31:*.ace=01;31:*.zoo=01;31:*.cpio=01;31:*.7z=01;31:*.rz=01;31:*.jpg=01;35:*.jpeg=01;35:*.gif=01;35:*.bmp=01;35:*.pbm=01;35:*.pgm=01;35:*.ppm=01;35:*.tga=01;35:*.xbm=01;35:*.xpm=01;35:*.tif=01;35:*.tiff=01;35:*.png=01;35:*.svg=01;35:*.svgz=01;35:*.mng=01;35:*.pcx=01;35:*.mov=01;35:*.mpg=01;35:*.mpeg=01;35:*.m2v=01;35:*.mkv=01;35:*.webm=01;35:*.ogm=01;35:*.mp4=01;35:*.m4v=01;35:*.mp4v=01;35:*.vob=01;35:*.qt=01;35:*.nuv=01;35:*.wmv=01;35:*.asf=01;35:*.rm=01;35:*.rmvb=01;35:*.flc=01;35:*.avi=01;35:*.fli=01;35:*.flv=01;35:*.gl=01;35:*.dl=01;35:*.xcf=01;35:*.xwd=01;35:*.yuv=01;35:*.cgm=01;35:*.emf=01;35:*.axv=01;35:*.anx=01;35:*.ogv=01;35:*.ogx=01;35:*.aac=00;36:*.au=00;36:*.flac=00;36:*.mid=00;36:*.midi=00;36:*.mka=00;36:*.mp3=00;36:*.mpc=00;36:*.ogg=00;36:*.ra=00;36:*.wav=00;36:*.axa=00;36:*.oga=00;36:*.spx=00;36:*.xspf=00;36:',
  'SHELL' => '/bin/bash',
  'LESSCLOSE' => '/usr/bin/lesspipe %s %s',
  'PWD' => '/var/www/site',
  'SSH_CONNECTION' => '192.168.42.1 53405 192.168.42.254 22',
  'PHP_SELF' => '/var/www/site/common/lib/../../yiic',
  'SCRIPT_NAME' => '/var/www/site/common/lib/../../yiic',
  'SCRIPT_FILENAME' => '/var/www/site/common/lib/../../yiic',
  'PATH_TRANSLATED' => '/var/www/site/common/lib/../../yiic',
  'DOCUMENT_ROOT' => '',
  'REQUEST_TIME' => 1366089954,
  'argv' => 
  array (
    0 => '/var/www/site/common/lib/../../yiic',
    1 => 'migrate',
    2 => '--interactive=0',
  ),
  'argc' => 3,
)
2013/04/16 05:25:54 [error] [system.db.CDbCommand] CDbCommand::execute() failed: SQLSTATE[42S02]: Base table or view not found: 1146 Table 'User.cache' doesn't exist. The SQL statement executed was: DELETE FROM cache WHERE expire>0 AND expire<1366089954.
2013/04/16 05:25:54 [error] [system.db.CDbCommand] CDbCommand::fetchAll() failed: SQLSTATE[42S02]: Base table or view not found: 1146 Table 'User.tbl_migration' doesn't exist. The SQL statement executed was: SHOW COLUMNS FROM `tbl_migration`.
